<?xml version="1.0" encoding="UTF-8"?>
<testng-results ignored="0" total="1" passed="1" failed="0" skipped="0">
  <reporter-output>
  </reporter-output>
  <suite started-at="2024-09-02T13:57:01 IST" name="Default suite" finished-at="2024-09-02T13:57:18 IST" duration-ms="17524">
    <groups>
    </groups>
    <test started-at="2024-09-02T13:57:01 IST" name="Default test" finished-at="2024-09-02T13:57:18 IST" duration-ms="17524">
      <class name="testcases.LandingPageSmoke">
        <test-method is-config="true" signature="setUp()[pri:0, instance:testcases.LandingPageSmoke@7334aada]" started-at="2024-09-02T13:57:01 IST" name="setUp" finished-at="2024-09-02T13:57:16 IST" duration-ms="15113" status="PASS">
          <reporter-output>
          </reporter-output>
        </test-method> <!-- setUp -->
        <test-method signature="landingPageSmoke()[pri:0, instance:testcases.LandingPageSmoke@7334aada]" started-at="2024-09-02T13:57:16 IST" name="landingPageSmoke" finished-at="2024-09-02T13:57:18 IST" duration-ms="2200" status="PASS">
          <reporter-output>
          </reporter-output>
        </test-method> <!-- landingPageSmoke -->
        <test-method is-config="true" signature="tearDown()[pri:0, instance:testcases.LandingPageSmoke@7334aada]" started-at="2024-09-02T13:57:18 IST" name="tearDown" finished-at="2024-09-02T13:57:18 IST" duration-ms="159" status="PASS">
          <reporter-output>
          </reporter-output>
        </test-method> <!-- tearDown -->
      </class> <!-- testcases.LandingPageSmoke -->
    </test> <!-- Default test -->
  </suite> <!-- Default suite -->
</testng-results>
