<?xml version="1.0" encoding="UTF-8"?>
<!-- Generated by org.testng.reporters.JUnitXMLReporter -->
<testsuite ignored="0" hostname="NSL-NSG4020.local" failures="1" tests="1" name="Login Test" time="26.855" errors="0" timestamp="2024-09-02T13:33:27 IST">
  <testcase classname="testcases.LandingPageSmoke" name="landingPageSmoke" time="0.012">
    <failure type="java.lang.Error" message="Unresolved compilation problem: 
	Unhandled exception type InterruptedException
">
      <![CDATA[java.lang.Error: Unresolved compilation problem: 
Unhandled exception type InterruptedException

at testcases.LandingPageSmoke.landingPageSmoke(LandingPageSmoke.java:13)
at java.base/java.util.ArrayList.forEach(ArrayList.java:1596)
... Removed 25 stack frames]]>
    </failure>
  </testcase> <!-- landingPageSmoke -->
</testsuite> <!-- Login Test -->
